<?xml version="1.0" encoding="UTF-8"?>
<!-- Generated by org.testng.reporters.JUnitXMLReporter -->
<testsuite ignored="0" hostname="DESKTOP-TQQRH66" failures="0" tests="1" name="Mareketing(failed)(failed)" time="8.064" errors="0" timestamp="2023-10-20T11:55:27 IST">
  <testcase classname="com.rk_softwear_services.vtigerAutomation.TestScripts.BaseClass" name="@BeforeMethod beforeMethod" time="-1.69778312674E9">
    <failure type="org.testng.TestNGException" message="
Method beforeMethod requires 2 parameters but 1 were supplied in the BeforeMethod annotation.">
      <![CDATA[org.testng.TestNGException: 
Method beforeMethod requires 2 parameters but 1 were supplied in the BeforeMethod annotation.
at java.base/java.util.ArrayList.forEach(ArrayList.java:1511)
... Removed 28 stack frames]]>
    </failure>
  </testcase> <!-- @BeforeMethod beforeMethod -->
  <testcase classname="com.rk_softwear_services.vtigerAutomation.TestScripts.MarketingAccountsTestScript" name="verifyVT001CreateAccountTestScript" time="0.0">
    <skipped/>
  </testcase> <!-- verifyVT001CreateAccountTestScript -->
</testsuite> <!-- Mareketing(failed)(failed) -->
